<?xml version="1.0" encoding="UTF-8"?>
<!-- Generated by org.testng.reporters.JUnitXMLReporter -->
<testsuite ignored="0" hostname="DESKTOP-UE8LSC2" failures="1" tests="2" name="Test" time="56.399" errors="0" timestamp="2024-05-22T21:16:02 IST">
  <testcase classname="GTM_Project.Airline_project.Testcase2" name="login" time="8.084">
    <skipped/>
  </testcase> <!-- login -->
  <testcase classname="GTM_Project.Airline_project.Testcase2" name="login" time="7.365">
    <failure type="java.lang.AssertionError">
      <![CDATA[java.lang.AssertionError
at org.junit.Assert.fail(Assert.java:86)
at org.junit.Assert.assertTrue(Assert.java:41)
at org.junit.Assert.assertTrue(Assert.java:52)
at GTM_Project.Airline_project.Testcase2.login(Testcase2.java:26)
at java.base/java.util.ArrayList.forEach(ArrayList.java:1511)
... Removed 27 stack frames]]>
    </failure>
  </testcase> <!-- login -->
</testsuite> <!-- Test -->
